<?xml version="1.0" encoding="UTF-8"?>
<!-- Generated by org.testng.reporters.JUnitReportReporter -->
<testsuite hostname="zaHoo-DESKTOP" failures="0" tests="1" name="backend.meme.memeGenerator.model.memeTest" time="0.019" errors="0" timestamp="2022-11-16T07:49:12 CAT" skipped="0">
  <testcase classname="backend.meme.memeGenerator.model.memeTest" name="constructorShouldSetAllValue" time="0.019"/>
  <system-out/>
</testsuite> <!-- backend.meme.memeGenerator.model.memeTest -->
