<?xml version="1.0" encoding="UTF-8"?>
<!-- Generated by org.testng.reporters.JUnitReportReporter -->
<testsuite hostname="zaHoo-DESKTOP" failures="0" tests="2" name="testing.calculator.myCalculator.myCalculatorImpl.myCalculatorImpl" time="0.039" errors="0" timestamp="2022-11-09T22:02:17 CAT" skipped="0">
  <testcase classname="testing.calculator.myCalculator.myCalculatorImpl.myCalculatorImpl" name="add_fail" time="0.035"/>
  <system-out/>
  <testcase classname="testing.calculator.myCalculator.myCalculatorImpl.myCalculatorImpl" name="add_succes" time="0.004"/>
  <system-out/>
</testsuite> <!-- testing.calculator.myCalculator.myCalculatorImpl.myCalculatorImpl -->
